
(com.github.Aylur.ags:225425): Gjs-WARNING **: 11:33:06.200: JS ERROR: Gio.IOErrorEnum: Operation not supported
_cacheCoverArt/<@resource:///com/github/Aylur/ags/service/mpris.js:160:24
_init/GLib.MainLoop.prototype.runAsync/</<@resource:///org/gnome/gjs/modules/core/overrides/GLib.js:266:34


(com.github.Aylur.ags:225425): Gjs-Console-CRITICAL **: 11:33:06.201: failed to cache /home/quatro/.cache/ags/media/7ccf47d677acd44c55b6d2a1ffe574a18da52eab, do you have gvfs installed?

(com.github.Aylur.ags:225425): Gjs-WARNING **: 11:33:06.206: JS ERROR: Gio.IOErrorEnum: Operation not supported
_cacheCoverArt/<@resource:///com/github/Aylur/ags/service/mpris.js:160:24
_init/GLib.MainLoop.prototype.runAsync/</<@resource:///org/gnome/gjs/modules/core/overrides/GLib.js:266:34


(com.github.Aylur.ags:225425): Gjs-Console-CRITICAL **: 11:33:06.207: failed to cache /home/quatro/.cache/ags/media/7ccf47d677acd44c55b6d2a1ffe574a18da52eab, do you have gvfs installed?

(com.github.Aylur.ags:225425): Gjs-WARNING **: 11:33:35.266: JS ERROR: Gio.IOErrorEnum: Operation not supported
_cacheCoverArt/<@resource:///com/github/Aylur/ags/service/mpris.js:160:24
_init/GLib.MainLoop.prototype.runAsync/</<@resource:///org/gnome/gjs/modules/core/overrides/GLib.js:266:34


(com.github.Aylur.ags:225425): Gjs-Console-CRITICAL **: 11:33:35.267: failed to cache /home/quatro/.cache/ags/media/a37abf9668badb2e07b3fb8b9df42451bafeae2d, do you have gvfs installed?

(com.github.Aylur.ags:225425): Gjs-WARNING **: 11:33:35.273: JS ERROR: Gio.IOErrorEnum: Operation not supported
_cacheCoverArt/<@resource:///com/github/Aylur/ags/service/mpris.js:160:24
_init/GLib.MainLoop.prototype.runAsync/</<@resource:///org/gnome/gjs/modules/core/overrides/GLib.js:266:34


(com.github.Aylur.ags:225425): Gjs-Console-CRITICAL **: 11:33:35.274: failed to cache /home/quatro/.cache/ags/media/a37abf9668badb2e07b3fb8b9df42451bafeae2d, do you have gvfs installed?

(com.github.Aylur.ags:225425): Gjs-WARNING **: 11:33:35.274: JS ERROR: Gio.IOErrorEnum: Operation not supported
_cacheCoverArt/<@resource:///com/github/Aylur/ags/service/mpris.js:160:24
_init/GLib.MainLoop.prototype.runAsync/</<@resource:///org/gnome/gjs/modules/core/overrides/GLib.js:266:34


(com.github.Aylur.ags:225425): Gjs-Console-CRITICAL **: 11:33:35.274: failed to cache /home/quatro/.cache/ags/media/a37abf9668badb2e07b3fb8b9df42451bafeae2d, do you have gvfs installed?

(com.github.Aylur.ags:225425): Gjs-WARNING **: 11:33:35.274: JS ERROR: Gio.IOErrorEnum: Operation not supported
_cacheCoverArt/<@resource:///com/github/Aylur/ags/service/mpris.js:160:24
_init/GLib.MainLoop.prototype.runAsync/</<@resource:///org/gnome/gjs/modules/core/overrides/GLib.js:266:34


(com.github.Aylur.ags:225425): Gjs-Console-CRITICAL **: 11:33:35.275: failed to cache /home/quatro/.cache/ags/media/a37abf9668badb2e07b3fb8b9df42451bafeae2d, do you have gvfs installed?

(com.github.Aylur.ags:225425): Gjs-Console-WARNING **: 11:35:24.941: Error: can't assign "proton-vpn-sign" as icon, it is not a file nor a named icon
set icon@resource:///com/github/Aylur/ags/widgets/icon.js:45:30
bind/callback<@resource:///com/github/Aylur/ags/widgets/widget.js:53:30
hook/id<@resource:///com/github/Aylur/ags/widgets/widget.js:36:21
_notify/<@resource:///com/github/Aylur/ags/service/systemtray.js:116:32
_notify@resource:///com/github/Aylur/ags/service/systemtray.js:116:11
_itemProxyAcquired/</<@resource:///com/github/Aylur/ags/service/systemtray.js:108:18
_callHandlers@resource:///org/gnome/gjs/modules/core/_signals.js:130:42
_emit@resource:///org/gnome/gjs/modules/core/_signals.js:119:10
_convertToNativeSignal@resource:///org/gnome/gjs/modules/core/overrides/Gio.js:152:19
_init/GLib.MainLoop.prototype.runAsync/</<@resource:///org/gnome/gjs/modules/core/overrides/GLib.js:266:34
  

(com.github.Aylur.ags:225425): Gjs-Console-WARNING **: 11:35:24.942: Error: can't assign "proton-vpn-sign" as icon, it is not a file nor a named icon
set icon@resource:///com/github/Aylur/ags/widgets/icon.js:45:30
bind/callback<@resource:///com/github/Aylur/ags/widgets/widget.js:53:30
hook/id<@resource:///com/github/Aylur/ags/widgets/widget.js:36:21
_notify/<@resource:///com/github/Aylur/ags/service/systemtray.js:116:32
_notify@resource:///com/github/Aylur/ags/service/systemtray.js:116:11
_itemProxyAcquired/</<@resource:///com/github/Aylur/ags/service/systemtray.js:108:18
_callHandlers@resource:///org/gnome/gjs/modules/core/_signals.js:130:42
_emit@resource:///org/gnome/gjs/modules/core/_signals.js:119:10
_convertToNativeSignal@resource:///org/gnome/gjs/modules/core/overrides/Gio.js:152:19
_init/GLib.MainLoop.prototype.runAsync/</<@resource:///org/gnome/gjs/modules/core/overrides/GLib.js:266:34
  

(com.github.Aylur.ags:225425): Gjs-Console-WARNING **: 11:35:57.170: Error: can't assign "proton-vpn-sign" as icon, it is not a file nor a named icon
set icon@resource:///com/github/Aylur/ags/widgets/icon.js:45:30
bind/callback<@resource:///com/github/Aylur/ags/widgets/widget.js:53:30
hook/<@resource:///com/github/Aylur/ags/widgets/widget.js:43:25
_init/GLib.MainLoop.prototype.runAsync/</<@resource:///org/gnome/gjs/modules/core/overrides/GLib.js:266:34
  

(com.github.Aylur.ags:225425): Gjs-Console-WARNING **: 11:35:57.171: Error: can't assign "proton-vpn-sign" as icon, it is not a file nor a named icon
set icon@resource:///com/github/Aylur/ags/widgets/icon.js:45:30
bind/callback<@resource:///com/github/Aylur/ags/widgets/widget.js:53:30
hook/<@resource:///com/github/Aylur/ags/widgets/widget.js:43:25
_init/GLib.MainLoop.prototype.runAsync/</<@resource:///org/gnome/gjs/modules/core/overrides/GLib.js:266:34
  

(com.github.Aylur.ags:225425): Gjs-WARNING **: 11:37:10.968: JS ERROR: Gio.IOErrorEnum: Operation not supported
_cacheCoverArt/<@resource:///com/github/Aylur/ags/service/mpris.js:160:24
_init/GLib.MainLoop.prototype.runAsync/</<@resource:///org/gnome/gjs/modules/core/overrides/GLib.js:266:34


(com.github.Aylur.ags:225425): Gjs-Console-CRITICAL **: 11:37:10.969: failed to cache /home/quatro/.cache/ags/media/10283256325401d82a10882a427a03268814eeea, do you have gvfs installed?

(com.github.Aylur.ags:225425): Gjs-WARNING **: 11:37:10.969: JS ERROR: Gio.IOErrorEnum: Operation not supported
_cacheCoverArt/<@resource:///com/github/Aylur/ags/service/mpris.js:160:24
_init/GLib.MainLoop.prototype.runAsync/</<@resource:///org/gnome/gjs/modules/core/overrides/GLib.js:266:34


(com.github.Aylur.ags:225425): Gjs-Console-CRITICAL **: 11:37:10.970: failed to cache /home/quatro/.cache/ags/media/10283256325401d82a10882a427a03268814eeea, do you have gvfs installed?

(com.github.Aylur.ags:225425): Gjs-WARNING **: 11:37:10.970: JS ERROR: Gio.IOErrorEnum: Operation not supported
_cacheCoverArt/<@resource:///com/github/Aylur/ags/service/mpris.js:160:24
_init/GLib.MainLoop.prototype.runAsync/</<@resource:///org/gnome/gjs/modules/core/overrides/GLib.js:266:34


(com.github.Aylur.ags:225425): Gjs-Console-CRITICAL **: 11:37:10.970: failed to cache /home/quatro/.cache/ags/media/10283256325401d82a10882a427a03268814eeea, do you have gvfs installed?

(com.github.Aylur.ags:225425): Gjs-WARNING **: 11:37:10.970: JS ERROR: Gio.IOErrorEnum: Operation not supported
_cacheCoverArt/<@resource:///com/github/Aylur/ags/service/mpris.js:160:24
_init/GLib.MainLoop.prototype.runAsync/</<@resource:///org/gnome/gjs/modules/core/overrides/GLib.js:266:34


(com.github.Aylur.ags:225425): Gjs-Console-CRITICAL **: 11:37:10.970: failed to cache /home/quatro/.cache/ags/media/10283256325401d82a10882a427a03268814eeea, do you have gvfs installed?

(com.github.Aylur.ags:225425): Gjs-WARNING **: 11:38:37.733: JS ERROR: Gio.IOErrorEnum: Operation not supported
_cacheCoverArt/<@resource:///com/github/Aylur/ags/service/mpris.js:160:24
_init/GLib.MainLoop.prototype.runAsync/</<@resource:///org/gnome/gjs/modules/core/overrides/GLib.js:266:34


(com.github.Aylur.ags:225425): Gjs-Console-CRITICAL **: 11:38:37.734: failed to cache /home/quatro/.cache/ags/media/b3c451eb49df7eaebf2b2ad663191845ef49a3fa, do you have gvfs installed?

(com.github.Aylur.ags:225425): Gjs-WARNING **: 11:38:37.734: JS ERROR: Gio.IOErrorEnum: Operation not supported
_cacheCoverArt/<@resource:///com/github/Aylur/ags/service/mpris.js:160:24
_init/GLib.MainLoop.prototype.runAsync/</<@resource:///org/gnome/gjs/modules/core/overrides/GLib.js:266:34


(com.github.Aylur.ags:225425): Gjs-Console-CRITICAL **: 11:38:37.735: failed to cache /home/quatro/.cache/ags/media/b3c451eb49df7eaebf2b2ad663191845ef49a3fa, do you have gvfs installed?

(com.github.Aylur.ags:225425): Gjs-WARNING **: 11:38:37.735: JS ERROR: Gio.IOErrorEnum: Operation not supported
_cacheCoverArt/<@resource:///com/github/Aylur/ags/service/mpris.js:160:24
_init/GLib.MainLoop.prototype.runAsync/</<@resource:///org/gnome/gjs/modules/core/overrides/GLib.js:266:34


(com.github.Aylur.ags:225425): Gjs-Console-CRITICAL **: 11:38:37.735: failed to cache /home/quatro/.cache/ags/media/b3c451eb49df7eaebf2b2ad663191845ef49a3fa, do you have gvfs installed?

(com.github.Aylur.ags:225425): Gjs-WARNING **: 11:38:37.735: JS ERROR: Gio.IOErrorEnum: Operation not supported
_cacheCoverArt/<@resource:///com/github/Aylur/ags/service/mpris.js:160:24
_init/GLib.MainLoop.prototype.runAsync/</<@resource:///org/gnome/gjs/modules/core/overrides/GLib.js:266:34


(com.github.Aylur.ags:225425): Gjs-Console-CRITICAL **: 11:38:37.736: failed to cache /home/quatro/.cache/ags/media/b3c451eb49df7eaebf2b2ad663191845ef49a3fa, do you have gvfs installed?

(com.github.Aylur.ags:225425): Gjs-WARNING **: 11:40:14.491: JS ERROR: Gio.IOErrorEnum: Operation not supported
_cacheCoverArt/<@resource:///com/github/Aylur/ags/service/mpris.js:160:24
_init/GLib.MainLoop.prototype.runAsync/</<@resource:///org/gnome/gjs/modules/core/overrides/GLib.js:266:34


(com.github.Aylur.ags:225425): Gjs-Console-CRITICAL **: 11:40:14.492: failed to cache /home/quatro/.cache/ags/media/0f946942e51d87f9c9222f574a70b26c469ae7fa, do you have gvfs installed?

(com.github.Aylur.ags:225425): Gjs-WARNING **: 11:40:14.493: JS ERROR: Gio.IOErrorEnum: Operation not supported
_cacheCoverArt/<@resource:///com/github/Aylur/ags/service/mpris.js:160:24
_init/GLib.MainLoop.prototype.runAsync/</<@resource:///org/gnome/gjs/modules/core/overrides/GLib.js:266:34


(com.github.Aylur.ags:225425): Gjs-Console-CRITICAL **: 11:40:14.493: failed to cache /home/quatro/.cache/ags/media/0f946942e51d87f9c9222f574a70b26c469ae7fa, do you have gvfs installed?

(com.github.Aylur.ags:225425): Gjs-WARNING **: 11:40:14.493: JS ERROR: Gio.IOErrorEnum: Operation not supported
_cacheCoverArt/<@resource:///com/github/Aylur/ags/service/mpris.js:160:24
_init/GLib.MainLoop.prototype.runAsync/</<@resource:///org/gnome/gjs/modules/core/overrides/GLib.js:266:34


(com.github.Aylur.ags:225425): Gjs-Console-CRITICAL **: 11:40:14.494: failed to cache /home/quatro/.cache/ags/media/0f946942e51d87f9c9222f574a70b26c469ae7fa, do you have gvfs installed?

(com.github.Aylur.ags:225425): Gjs-WARNING **: 11:40:14.494: JS ERROR: Gio.IOErrorEnum: Operation not supported
_cacheCoverArt/<@resource:///com/github/Aylur/ags/service/mpris.js:160:24
_init/GLib.MainLoop.prototype.runAsync/</<@resource:///org/gnome/gjs/modules/core/overrides/GLib.js:266:34


(com.github.Aylur.ags:225425): Gjs-Console-CRITICAL **: 11:40:14.494: failed to cache /home/quatro/.cache/ags/media/0f946942e51d87f9c9222f574a70b26c469ae7fa, do you have gvfs installed?

(com.github.Aylur.ags:225425): Gjs-WARNING **: 11:43:04.829: JS ERROR: Gio.IOErrorEnum: Operation not supported
_cacheCoverArt/<@resource:///com/github/Aylur/ags/service/mpris.js:160:24
_init/GLib.MainLoop.prototype.runAsync/</<@resource:///org/gnome/gjs/modules/core/overrides/GLib.js:266:34


(com.github.Aylur.ags:225425): Gjs-Console-CRITICAL **: 11:43:04.830: failed to cache /home/quatro/.cache/ags/media/40bf67c388e98edf5ea7d242a23b801c1456f9f5, do you have gvfs installed?

(com.github.Aylur.ags:225425): Gjs-WARNING **: 11:43:04.830: JS ERROR: Gio.IOErrorEnum: Operation not supported
_cacheCoverArt/<@resource:///com/github/Aylur/ags/service/mpris.js:160:24
_init/GLib.MainLoop.prototype.runAsync/</<@resource:///org/gnome/gjs/modules/core/overrides/GLib.js:266:34


(com.github.Aylur.ags:225425): Gjs-Console-CRITICAL **: 11:43:04.831: failed to cache /home/quatro/.cache/ags/media/40bf67c388e98edf5ea7d242a23b801c1456f9f5, do you have gvfs installed?

(com.github.Aylur.ags:225425): Gjs-WARNING **: 11:43:04.831: JS ERROR: Gio.IOErrorEnum: Operation not supported
_cacheCoverArt/<@resource:///com/github/Aylur/ags/service/mpris.js:160:24
_init/GLib.MainLoop.prototype.runAsync/</<@resource:///org/gnome/gjs/modules/core/overrides/GLib.js:266:34


(com.github.Aylur.ags:225425): Gjs-Console-CRITICAL **: 11:43:04.831: failed to cache /home/quatro/.cache/ags/media/40bf67c388e98edf5ea7d242a23b801c1456f9f5, do you have gvfs installed?

(com.github.Aylur.ags:225425): Gjs-WARNING **: 11:43:04.832: JS ERROR: Gio.IOErrorEnum: Operation not supported
_cacheCoverArt/<@resource:///com/github/Aylur/ags/service/mpris.js:160:24
_init/GLib.MainLoop.prototype.runAsync/</<@resource:///org/gnome/gjs/modules/core/overrides/GLib.js:266:34


(com.github.Aylur.ags:225425): Gjs-Console-CRITICAL **: 11:43:04.832: failed to cache /home/quatro/.cache/ags/media/40bf67c388e98edf5ea7d242a23b801c1456f9f5, do you have gvfs installed?

(com.github.Aylur.ags:225425): Gjs-Console-WARNING **: 11:45:10.665: Error: can't assign "proton-vpn-sign" as icon, it is not a file nor a named icon
set icon@resource:///com/github/Aylur/ags/widgets/icon.js:45:30
bind/callback<@resource:///com/github/Aylur/ags/widgets/widget.js:53:30
hook/id<@resource:///com/github/Aylur/ags/widgets/widget.js:36:21
_notify/<@resource:///com/github/Aylur/ags/service/systemtray.js:116:32
_notify@resource:///com/github/Aylur/ags/service/systemtray.js:116:11
_itemProxyAcquired/</<@resource:///com/github/Aylur/ags/service/systemtray.js:108:18
_callHandlers@resource:///org/gnome/gjs/modules/core/_signals.js:130:42
_emit@resource:///org/gnome/gjs/modules/core/_signals.js:119:10
_convertToNativeSignal@resource:///org/gnome/gjs/modules/core/overrides/Gio.js:152:19
_init/GLib.MainLoop.prototype.runAsync/</<@resource:///org/gnome/gjs/modules/core/overrides/GLib.js:266:34
  

(com.github.Aylur.ags:225425): Gjs-Console-WARNING **: 11:45:10.666: Error: can't assign "proton-vpn-sign" as icon, it is not a file nor a named icon
set icon@resource:///com/github/Aylur/ags/widgets/icon.js:45:30
bind/callback<@resource:///com/github/Aylur/ags/widgets/widget.js:53:30
hook/id<@resource:///com/github/Aylur/ags/widgets/widget.js:36:21
_notify/<@resource:///com/github/Aylur/ags/service/systemtray.js:116:32
_notify@resource:///com/github/Aylur/ags/service/systemtray.js:116:11
_itemProxyAcquired/</<@resource:///com/github/Aylur/ags/service/systemtray.js:108:18
_callHandlers@resource:///org/gnome/gjs/modules/core/_signals.js:130:42
_emit@resource:///org/gnome/gjs/modules/core/_signals.js:119:10
_convertToNativeSignal@resource:///org/gnome/gjs/modules/core/overrides/Gio.js:152:19
_init/GLib.MainLoop.prototype.runAsync/</<@resource:///org/gnome/gjs/modules/core/overrides/GLib.js:266:34
  

(com.github.Aylur.ags:225425): Gjs-Console-WARNING **: 11:45:10.687: Error: can't assign "proton-vpn-sign" as icon, it is not a file nor a named icon
set icon@resource:///com/github/Aylur/ags/widgets/icon.js:45:30
bind/callback<@resource:///com/github/Aylur/ags/widgets/widget.js:53:30
hook/<@resource:///com/github/Aylur/ags/widgets/widget.js:43:25
_init/GLib.MainLoop.prototype.runAsync/</<@resource:///org/gnome/gjs/modules/core/overrides/GLib.js:266:34
  

(com.github.Aylur.ags:225425): Gjs-Console-WARNING **: 11:45:10.688: Error: can't assign "proton-vpn-sign" as icon, it is not a file nor a named icon
set icon@resource:///com/github/Aylur/ags/widgets/icon.js:45:30
bind/callback<@resource:///com/github/Aylur/ags/widgets/widget.js:53:30
hook/<@resource:///com/github/Aylur/ags/widgets/widget.js:43:25
_init/GLib.MainLoop.prototype.runAsync/</<@resource:///org/gnome/gjs/modules/core/overrides/GLib.js:266:34
  

(com.github.Aylur.ags:225425): LIBDBUSMENU-GLIB-WARNING **: 11:45:13.148: Group Properties error: GDBus.Error:org.freedesktop.DBus.Error.NoReply: Message recipient disconnected from message bus without replying

(com.github.Aylur.ags:225425): Gjs-CRITICAL **: 11:46:03.528: JS ERROR: Error: Provided input cannot be converted to ArrayBufferView or ArrayBuffer
decode@resource:///org/gnome/gjs/modules/esm/_encoding/encoding.js:110:19
_watchSocket/<@file:///tmp/ags/main.js:248:35
_init/GLib.MainLoop.prototype.runAsync/</<@resource:///org/gnome/gjs/modules/core/overrides/GLib.js:266:34

Gdk-Message: 11:46:03.531: Error reading events from display: Connection reset by peer
